This file contains any messages produced by compilers while
running configure, to aid debugging if configure makes a mistake.

It was created by DelftProto VM configure 0.7, which was
generated by GNU Autoconf 2.65.  Invocation command line was

  $ ./configure 

## --------- ##
## Platform. ##
## --------- ##

hostname = ubuntu810desktop
uname -m = i686
uname -r = 2.6.32-32-generic
uname -s = Linux
uname -v = #62-Ubuntu SMP Wed Apr 20 21:54:21 UTC 2011

/usr/bin/uname -p = unknown
/bin/uname -X     = unknown

/bin/arch              = unknown
/usr/bin/arch -k       = unknown
/usr/convex/getsysinfo = unknown
/usr/bin/hostinfo      = unknown
/bin/machine           = unknown
/usr/bin/oslevel       = unknown
/bin/universe          = unknown

PATH: /usr/local/sbin
PATH: /usr/local/bin
PATH: /usr/sbin
PATH: /usr/bin
PATH: /sbin
PATH: /bin
PATH: /usr/games
PATH: /home/user/Desktop/omnetpp-4.1/bin


## ----------- ##
## Core tests. ##
## ----------- ##

configure:1706: checking for a BSD-compatible install
configure:1774: result: /usr/bin/install -c
configure:1785: checking whether build environment is sane
configure:1835: result: yes
configure:1976: checking for a thread-safe mkdir -p
configure:2015: result: /bin/mkdir -p
configure:2028: checking for gawk
configure:2044: found /usr/bin/gawk
configure:2055: result: gawk
configure:2066: checking whether make sets $(MAKE)
configure:2088: result: yes
configure:2310: creating ./config.status

## ---------------------- ##
## Running config.status. ##
## ---------------------- ##

This file was extended by DelftProto VM config.status 0.7, which was
generated by GNU Autoconf 2.65.  Invocation command line was

  CONFIG_FILES    = 
  CONFIG_HEADERS  = 
  CONFIG_LINKS    = 
  CONFIG_COMMANDS = 
  $ ./config.status 

on ubuntu810desktop

config.status:743: creating Makefile
config.status:743: creating src/Makefile
config.status:743: creating doc/Makefile

## ---------------- ##
## Cache variables. ##
## ---------------- ##

ac_cv_env_build_alias_set=
ac_cv_env_build_alias_value=
ac_cv_env_host_alias_set=
ac_cv_env_host_alias_value=
ac_cv_env_target_alias_set=
ac_cv_env_target_alias_value=
ac_cv_path_install='/usr/bin/install -c'
ac_cv_path_mkdir=/bin/mkdir
ac_cv_prog_AWK=gawk
ac_cv_prog_make_make_set=yes

## ----------------- ##
## Output variables. ##
## ----------------- ##

ACLOCAL='${SHELL} /tmp/delftproto/vm/missing --run aclocal-1.11'
AMTAR='${SHELL} /tmp/delftproto/vm/missing --run tar'
AUTOCONF='${SHELL} /tmp/delftproto/vm/missing --run autoconf'
AUTOHEADER='${SHELL} /tmp/delftproto/vm/missing --run autoheader'
AUTOMAKE='${SHELL} /tmp/delftproto/vm/missing --run automake-1.11'
AWK='gawk'
CYGPATH_W='echo'
DEFS='-DPACKAGE_NAME=\"DelftProto\ VM\" -DPACKAGE_TARNAME=\"delftproto-vm\" -DPACKAGE_VERSION=\"0.7\" -DPACKAGE_STRING=\"DelftProto\ VM\ 0.7\" -DPACKAGE_BUGREPORT=\"bugs@delftproto.nl\" -DPACKAGE_URL=\"\" -DPACKAGE=\"delftproto-vm\" -DVERSION=\"0.7\"'
ECHO_C=''
ECHO_N='-n'
ECHO_T=''
INSTALL_DATA='${INSTALL} -m 644'
INSTALL_PROGRAM='${INSTALL}'
INSTALL_SCRIPT='${INSTALL}'
INSTALL_STRIP_PROGRAM='$(install_sh) -c -s'
LIBOBJS=''
LIBS=''
LTLIBOBJS=''
MAKEINFO='${SHELL} /tmp/delftproto/vm/missing --run makeinfo'
MKDIR_P='/bin/mkdir -p'
PACKAGE='delftproto-vm'
PACKAGE_BUGREPORT='bugs@delftproto.nl'
PACKAGE_NAME='DelftProto VM'
PACKAGE_STRING='DelftProto VM 0.7'
PACKAGE_TARNAME='delftproto-vm'
PACKAGE_URL=''
PACKAGE_VERSION='0.7'
PATH_SEPARATOR=':'
SET_MAKE=''
SHELL='/bin/bash'
STRIP=''
VERSION='0.7'
am__isrc=''
am__leading_dot='.'
am__tar='${AMTAR} chof - "$$tardir"'
am__untar='${AMTAR} xf -'
bindir='${exec_prefix}/bin'
build_alias=''
datadir='${datarootdir}'
datarootdir='${prefix}/share'
docdir='${datarootdir}/doc/${PACKAGE_TARNAME}'
dvidir='${docdir}'
exec_prefix='${prefix}'
host_alias=''
htmldir='${docdir}'
includedir='${prefix}/include'
infodir='${datarootdir}/info'
install_sh='${SHELL} /tmp/delftproto/vm/install-sh'
libdir='${exec_prefix}/lib'
libexecdir='${exec_prefix}/libexec'
localedir='${datarootdir}/locale'
localstatedir='${prefix}/var'
mandir='${datarootdir}/man'
mkdir_p='/bin/mkdir -p'
oldincludedir='/usr/include'
pdfdir='${docdir}'
prefix='/usr/local'
program_transform_name='s,x,x,'
psdir='${docdir}'
sbindir='${exec_prefix}/sbin'
sharedstatedir='${prefix}/com'
sysconfdir='${prefix}/etc'
target_alias=''

## ----------- ##
## confdefs.h. ##
## ----------- ##

/* confdefs.h */
#define PACKAGE_NAME "DelftProto VM"
#define PACKAGE_TARNAME "delftproto-vm"
#define PACKAGE_VERSION "0.7"
#define PACKAGE_STRING "DelftProto VM 0.7"
#define PACKAGE_BUGREPORT "bugs@delftproto.nl"
#define PACKAGE_URL ""
#define PACKAGE "delftproto-vm"
#define VERSION "0.7"

configure: exit 0
